make all --print-data-base --no-builtin-variables --no-builtin-rules --question
# GNU Make 3.81
# Copyright (C) 2006  Free Software Foundation, Inc.
# This is free software; see the source for copying conditions.
# There is NO warranty; not even for MERCHANTABILITY or FITNESS FOR A
# PARTICULAR PURPOSE.

# This program built for i386-apple-darwin11.3.0
 
/bin/sh: lsmod: command not found

make: *** No rule to make target `/Users/pjenney/Documents/GitHub/aerolock/rmprofiler/rmprofiler.o', needed by `rmprofiler'.  Stop.


# Make data base, printed on Mon Jun 27 08:42:09 2022

# Variables

# automatic
<D = $(patsubst %/,%,$(dir $<))
# automatic
?F = $(notdir $?)
# environment
 
VSCODE_LOG_NATIVE = false
# automatic
?D = $(patsubst %/,%,$(dir $?))
# automatic
@D = $(patsubst %/,%,$(dir $@))
# automatic
@F = $(notdir $@)
# makefile
CURDIR := /Users/pjenney/Documents/GitHub/aerolock
# makefile
SHELL = /bin/sh
# makefile (from `Makefile', line 18)
COMMON = signature.o utilities.o list.o rbtree.o parse.o
# environment
VSCODE_NLS_CONFIG = {"locale":"en-us","availableLanguages":{},"_languagePackSupport":true}
# environment
_ = /usr/bin/make
# makefile (from `Makefile', line 36)
CFLAGS = $(INCLUDE) $(DEBUG) $(RELEASE) -D__QNX__
# makefile (from `Makefile', line 45)
OBJECTS_FOR_DEPENDS = $(SOURCES_FOR_DEPENDS:.c=.o)
# makefile (from `Makefile', line 1)
MAKEFILE_LIST :=  Makefile
# makefile (from `Makefile', line 19)
OBJS_FOR_DEPENDS = libcache.o mlocatecache.o $(CRYPTO) $(DB)
# makefile (from `Makefile', line 24)
DEBUG = -O0 -g3 -Wall
# makefile (from `Makefile', line 39)
SOURCES = $(NDIR)/src/ntru_crypto_hash.c $(NDIR)/src/ntru_crypto_hmac.c $(NDIR)/src/ntru_crypto_msbyte_uint32.c $(NDIR)/src/ntru_crypto_sha1.c $(NDIR)/src/ntru_crypto_sha2.c $(NDIR)/src/ntru_crypto_sha256.c $(CDIR)/signature.c $(CDIR)/utilities.c $(CDIR)/list.c $(CDIR)/db.c $(CDIR)/rbtree.c $(CDIR)/parse.c
# environment
VSCODE_VERBOSE_LOGGING = true
# environment
__CFBundleIdentifier = com.microsoft.VSCode
# environment
VSCODE_IPC_HOOK_EXTHOST = /var/folders/gw/z38dt53x5xx45bf01tk2q_0w0000gn/T/vscode-ipc-9fc1e3e6-4f1e-49db-bf2d-31ab817a0060.sock
# environment
VSCODE_CWD = /
# makefile (from `Makefile', line 44)
OBJECTS2 = $(SOURCES2:.c=.o)
# environment
PATH = /usr/local/bin:/usr/bin:/bin:/usr/sbin:/sbin:/Applications/Wireshark.app/Contents/MacOS:/Applications/VMware Fusion.app/Contents/Public:/usr/local/share/dotnet:~/.dotnet/tools:/Library/Apple/usr/bin:/Library/Frameworks/Mono.framework/Versions/Current/Commands:/Applications/Xamarin Workbooks.app/Contents/SharedSupport/path-bin
# environment
GOPATH = ”/Users/pjenney/Projects/Go”
# makefile (from `Makefile', line 121)
UBUNTU :=        0
# makefile (from `Makefile', line 41)
SOURCES_FOR_DEPENDS = $(NDIR)/src/ntru_crypto_hash.c $(NDIR)/src/ntru_crypto_hmac.c $(NDIR)/src/ntru_crypto_msbyte_uint32.c $(NDIR)/src/ntru_crypto_sha1.c $(NDIR)/src/ntru_crypto_sha2.c $(NDIR)/src/ntru_crypto_sha256.c $(CDIR)/libcache.c $(CDIR)/mlocatecache.c $(CDIR)/db.c 
# makefile (from `Makefile', line 71)
ARM = $(RDIR)/arm
# makefile (from `Makefile', line 17)
DB = db.o
# environment
VSCODE_LOG_STACK = false
# environment
ELECTRON_RUN_AS_NODE = 1
# makefile (from `Makefile', line 30)
LDFLAGS = 
# default
.FEATURES := target-specific order-only second-expansion else-if archives jobserver check-symlink
# environment
SSH_AUTH_SOCK = /private/tmp/com.apple.launchd.uZA1r506a1/Listeners
# automatic
%F = $(notdir $%)
# makefile (from `Makefile', line 9)
CDIR = $(RDIR)/common
# environment
VSCODE_PIPE_LOGGING = true
# makefile (from `Makefile', line 22)
OBJS = $(CRYPTO) $(DB) $(COMMON)
# environment
PWD = /Users/pjenney/Documents/GitHub/aerolock
# makefile (from `Makefile', line 12)
DDIR = $(RDIR)/rmdriver
# makefile (from `Makefile', line 120)
DLOADED :=        0
# makefile (from `Makefile', line 40)
SOURCES2 = $(NDIR)/src/ntru_crypto_hash.c $(NDIR)/src/ntru_crypto_hmac.c $(NDIR)/src/ntru_crypto_msbyte_uint32.c $(NDIR)/src/ntru_crypto_sha1.c $(NDIR)/src/ntru_crypto_sha2.c $(NDIR)/src/ntru_crypto_sha256.c $(CDIR)/signature.o $(CDIR)/utilities.o $(CDIR)/list.c $(CDIR)/db.c $(CDIR)/rbtree.c $(CDIR)/parse.c
# environment
ORIGINAL_XDG_CURRENT_DESKTOP = undefined
# environment
VSCODE_AMD_ENTRYPOINT = vs/workbench/api/node/extensionHostProcess
# environment
HOME = /Users/pjenney
# default
MAKEFILEPATH := /Users/pjenney/Downloads/Xcode-beta.app/Contents/Developer/Makefiles
# environment
VSCODE_CODE_CACHE_PATH = /Users/pjenney/Library/Application Support/Code/CachedData/30d9c6cd9483b2cc586687151bcbcd635f373630
# environment
LOGNAME = pjenney
# environment
APPLICATION_INSIGHTS_NO_DIAGNOSTIC_CHANNEL = 1
# makefile (from `Makefile', line 11)
IDIR = $(RDIR)/install
# environment
VSCODE_HANDLES_UNCAUGHT_ERRORS = true
# automatic
^D = $(patsubst %/,%,$(dir $^))
# makefile (from `Makefile', line 70)
X86 = $(RDIR)/x86
# environment
XPC_FLAGS = 0x0
# default
MAKE = $(MAKE_COMMAND)
# default
MAKECMDGOALS := all
# environment
SHLVL = 2
# makefile (from `Makefile', line 10)
NDIR = $(RDIR)/NTRUEncrypt
# default
MAKE_VERSION := 3.81
# environment
USER = pjenney
# makefile
.DEFAULT_GOAL := all
# makefile (from `Makefile', line 14)
INCLUDE = -I$(NDIR)/include -I$(NDIR)/src -I$(CDIR)
# automatic
%D = $(patsubst %/,%,$(dir $%))
# makefile (from `Makefile', line 8)
RDIR := /Users/pjenney/Documents/GitHub/aerolock
# default
MAKE_COMMAND := /Users/pjenney/Downloads/Xcode-beta.app/Contents/Developer/usr/bin/make
# makefile (from `Makefile', line 16)
CRYPTO = ntru_crypto_hash.o ntru_crypto_hmac.o ntru_crypto_msbyte_uint32.o ntru_crypto_sha1.o ntru_crypto_sha2.o ntru_crypto_sha256.o 
# default
.VARIABLES := 
# environment
TMPDIR = /var/folders/gw/z38dt53x5xx45bf01tk2q_0w0000gn/T/
# automatic
*F = $(notdir $*)
# makefile (from `Makefile', line 6)
OS := Darwin
# environment
VSCODE_IPC_HOOK = /Users/pjenney/Library/Application Support/Code/1.68.1-main.sock
# makefile (from `Makefile', line 5)
ARCH := i386
# makefile
MAKEFLAGS = Rrqp
# environment
MFLAGS = -Rrqp
# automatic
*D = $(patsubst %/,%,$(dir $*))
# environment
XPC_SERVICE_NAME = application.com.microsoft.VSCode.8740722482.8740724165
# automatic
+D = $(patsubst %/,%,$(dir $+))
# automatic
+F = $(notdir $+)
# environment
__CF_USER_TEXT_ENCODING = 0x1F5:0x0:0x0
# environment
COMMAND_MODE = unix2003
# default
MAKEFILES := 
# automatic
<F = $(notdir $<)
# environment
LC_ALL = C
# automatic
^F = $(notdir $^)
# default
SUFFIXES := 
# default
.INCLUDE_DIRS = /usr/local/include
# environment
MAKELEVEL := 0
# makefile (from `Makefile', line 43)
OBJECTS = $(SOURCES:.c=.o)
# environment
LANG = C
# environment
VSCODE_PID = 70071
# variable set hash-table stats:
# Load=89/1024=9%, Rehash=0, Collisions=4/339=1%

# Pattern-specific Variable Values

# No pattern-specific variable values.

# Directories

# . (device 16777220, inode 8740768898): 28 files, no impossibilities.

# 28 files, no impossibilities in 1 directories.

# Implicit Rules

# No implicit rules.

# Files

# Not a target:
/Users/pjenney/Documents/GitHub/aerolock/NTRUEncrypt/src/ntru_crypto_hash.o:
#  Implicit rule search has not been done.
#  Modification time never checked.
#  File has not been updated.

rmdepends: /Users/pjenney/Documents/GitHub/aerolock/rmtools/rmdepends.o /Users/pjenney/Documents/GitHub/aerolock/NTRUEncrypt/src/ntru_crypto_hash.o /Users/pjenney/Documents/GitHub/aerolock/NTRUEncrypt/src/ntru_crypto_hmac.o /Users/pjenney/Documents/GitHub/aerolock/NTRUEncrypt/src/ntru_crypto_msbyte_uint32.o /Users/pjenney/Documents/GitHub/aerolock/NTRUEncrypt/src/ntru_crypto_sha1.o /Users/pjenney/Documents/GitHub/aerolock/NTRUEncrypt/src/ntru_crypto_sha2.o /Users/pjenney/Documents/GitHub/aerolock/NTRUEncrypt/src/ntru_crypto_sha256.o /Users/pjenney/Documents/GitHub/aerolock/common/libcache.o /Users/pjenney/Documents/GitHub/aerolock/common/mlocatecache.o /Users/pjenney/Documents/GitHub/aerolock/common/db.o /Users/pjenney/Documents/GitHub/aerolock/common/aerolock.h
#  Implicit rule search has not been done.
#  Modification time never checked.
#  File has not been updated.
#  commands to execute (from `Makefile', line 101):
	$(CC) $(CFLAGS) $(OBJECTS_FOR_DEPENDS) $(RDIR)/rmtools/rmdepends.o -o $(CHIP)/$@ $(LDFLAGS)
	

# Not a target:
/Users/pjenney/Documents/GitHub/aerolock/rmhmac/rmhmac.o:
#  Implicit rule search has not been done.
#  Modification time never checked.
#  File has not been updated.

 
aerolockd: /Users/pjenney/Documents/GitHub/aerolock/rmenforcer/rmenforcer.o /Users/pjenney/Documents/GitHub/aerolock/NTRUEncrypt/src/ntru_crypto_hash.o /Users/pjenney/Documents/GitHub/aerolock/NTRUEncrypt/src/ntru_crypto_hmac.o /Users/pjenney/Documents/GitHub/aerolock/NTRUEncrypt/src/ntru_crypto_msbyte_uint32.o /Users/pjenney/Documents/GitHub/aerolock/NTRUEncrypt/src/ntru_crypto_sha1.o /Users/pjenney/Documents/GitHub/aerolock/NTRUEncrypt/src/ntru_crypto_sha2.o /Users/pjenney/Documents/GitHub/aerolock/NTRUEncrypt/src/ntru_crypto_sha256.o /Users/pjenney/Documents/GitHub/aerolock/common/signature.o /Users/pjenney/Documents/GitHub/aerolock/common/utilities.o /Users/pjenney/Documents/GitHub/aerolock/common/list.o /Users/pjenney/Documents/GitHub/aerolock/common/db.o /Users/pjenney/Documents/GitHub/aerolock/common/rbtree.o /Users/pjenney/Documents/GitHub/aerolock/common/parse.o /Users/pjenney/Documents/GitHub/aerolock/common/aerolock.h
#  Implicit rule search has not been done.
#  Modification time never checked.
#  File has not been updated.
#  commands to execute (from `Makefile', line 92):
	$(CC) $(CFLAGS) $(OBJECTS) $(RDIR)/rmenforcer/rmenforcer.o -o $(CHIP)/$@ $(LDFLAGS)
	

.PHONEY: clean release deploy remove
#  Implicit rule search has not been done.
#  Modification time never checked.
#  File has not been updated.

# Not a target:
/Users/pjenney/Documents/GitHub/aerolock/rmtools/rmdepends.o:
#  Implicit rule search has not been done.
#  Modification time never checked.
#  File has not been updated.

all: rmprofiler aerolockd rmsetup rmhmac rmverify rmdepends rmdumpdb
#  Command-line target.
#  Implicit rule search has been done.
#  File does not exist.
#  File has not been updated.
# variable set hash-table stats:
# Load=0/32=0%, Rehash=0, Collisions=0/0=0%

# Not a target:
/Users/pjenney/Documents/GitHub/aerolock/rmprofiler/rmprofiler.o:
#  Implicit rule search has been done.
#  File does not exist.
#  File has not been updated.
# variable set hash-table stats:
# Load=0/32=0%, Rehash=0, Collisions=0/0=0%

# Not a target:
/Users/pjenney/Documents/GitHub/aerolock/rmsetup/rmsetup.o:
#  Implicit rule search has not been done.
#  Modification time never checked.
#  File has not been updated.

rmstart: /Users/pjenney/Documents/GitHub/aerolock/rmtools/rmstart.o
#  Implicit rule search has not been done.
#  Modification time never checked.
#  File has not been updated.
#  commands to execute (from `Makefile', line 107):
	$(CC) $(CFLAGS) $(OBJECTS) $(RDIR)/rmtools/rmstart.o -o $(CHIP)/$@ $(LDFLAGS)
	

rmdumpdb: /Users/pjenney/Documents/GitHub/aerolock/rmtools/rmdumpdb.o /Users/pjenney/Documents/GitHub/aerolock/common/aerolock.h
#  Implicit rule search has not been done.
#  Modification time never checked.
#  File has not been updated.
#  commands to execute (from `Makefile', line 104):
	$(CC) $(CFLAGS) $(OBJECTS) $(RDIR)/rmtools/rmdumpdb.o -o $(CHIP)/$@ $(LDFLAGS)
	

# Not a target:
/Users/pjenney/Documents/GitHub/aerolock/rmtools/rmstart.o:
#  Implicit rule search has not been done.
#  Modification time never checked.
#  File has not been updated.

# Not a target:
/Users/pjenney/Documents/GitHub/aerolock/common/list.o:
#  Implicit rule search has not been done.
#  Modification time never checked.
#  File has not been updated.

# Not a target:
/Users/pjenney/Documents/GitHub/aerolock/rmtools/rmdumpdb.o:
#  Implicit rule search has not been done.
#  Modification time never checked.
#  File has not been updated.

# Not a target:
.SUFFIXES:
#  Implicit rule search has not been done.
#  Modification time never checked.
#  File has not been updated.

# Not a target:
Makefile:
#  Implicit rule search has been done.
#  Last modified 2014-12-19 09:38:30
#  File has been updated.
#  Successfully updated.
# variable set hash-table stats:
# Load=0/32=0%, Rehash=0, Collisions=0/0=0%

remove:
#  Implicit rule search has not been done.
#  Modification time never checked.
#  File has not been updated.
#  commands to execute (from `Makefile', line 192):
	sudo /etc/init.d/aerolock stop 
	sudo update-rc.d -f aerolock remove
	sudo rm -f /etc/init.d/aerolock
	sudo rmmod aerolock
	sudo rm -f /usr/local/bin/aerolock_*
	sudo rm -f /usr/local/bin/aerolockd
	

# Not a target:
/Users/pjenney/Documents/GitHub/aerolock/NTRUEncrypt/src/ntru_crypto_hmac.o:
#  Implicit rule search has not been done.
#  Modification time never checked.
#  File has not been updated.

update:
#  Implicit rule search has not been done.
#  Modification time never checked.
#  File has not been updated.
#  commands to execute (from `Makefile', line 202):
	sudo /etc/init.d/aerolock stop
	sudo update-rc.d -f aerolock remove
	#release
	sudo update-rc.d aerolock defaults
	sudo /etc/init.d/aerolock start
	

rmhmac: /Users/pjenney/Documents/GitHub/aerolock/rmhmac/rmhmac.o /Users/pjenney/Documents/GitHub/aerolock/NTRUEncrypt/src/ntru_crypto_hash.o /Users/pjenney/Documents/GitHub/aerolock/NTRUEncrypt/src/ntru_crypto_hmac.o /Users/pjenney/Documents/GitHub/aerolock/NTRUEncrypt/src/ntru_crypto_msbyte_uint32.o /Users/pjenney/Documents/GitHub/aerolock/NTRUEncrypt/src/ntru_crypto_sha1.o /Users/pjenney/Documents/GitHub/aerolock/NTRUEncrypt/src/ntru_crypto_sha2.o /Users/pjenney/Documents/GitHub/aerolock/NTRUEncrypt/src/ntru_crypto_sha256.o /Users/pjenney/Documents/GitHub/aerolock/common/signature.o /Users/pjenney/Documents/GitHub/aerolock/common/utilities.o /Users/pjenney/Documents/GitHub/aerolock/common/list.o /Users/pjenney/Documents/GitHub/aerolock/common/db.o /Users/pjenney/Documents/GitHub/aerolock/common/rbtree.o /Users/pjenney/Documents/GitHub/aerolock/common/parse.o /Users/pjenney/Documents/GitHub/aerolock/common/aerolock.h
#  Implicit rule search has not been done.
#  Modification time never checked.
#  File has not been updated.
#  commands to execute (from `Makefile', line 95):
	$(CC) $(CFLAGS) $(OBJECTS) $(RDIR)/rmhmac/rmhmac.o -o $(CHIP)/$@ $(LDFLAGS)
	

rmprofiler: /Users/pjenney/Documents/GitHub/aerolock/rmprofiler/rmprofiler.o /Users/pjenney/Documents/GitHub/aerolock/NTRUEncrypt/src/ntru_crypto_hash.o /Users/pjenney/Documents/GitHub/aerolock/NTRUEncrypt/src/ntru_crypto_hmac.o /Users/pjenney/Documents/GitHub/aerolock/NTRUEncrypt/src/ntru_crypto_msbyte_uint32.o /Users/pjenney/Documents/GitHub/aerolock/NTRUEncrypt/src/ntru_crypto_sha1.o /Users/pjenney/Documents/GitHub/aerolock/NTRUEncrypt/src/ntru_crypto_sha2.o /Users/pjenney/Documents/GitHub/aerolock/NTRUEncrypt/src/ntru_crypto_sha256.o /Users/pjenney/Documents/GitHub/aerolock/common/signature.o /Users/pjenney/Documents/GitHub/aerolock/common/utilities.o /Users/pjenney/Documents/GitHub/aerolock/common/list.o /Users/pjenney/Documents/GitHub/aerolock/common/db.o /Users/pjenney/Documents/GitHub/aerolock/common/rbtree.o /Users/pjenney/Documents/GitHub/aerolock/common/parse.o /Users/pjenney/Documents/GitHub/aerolock/common/aerolock.h
#  Implicit rule search has not been done.
#  Last modified 2022-06-27 08:31:52
#  File has not been updated.
# variable set hash-table stats:
# Load=0/32=0%, Rehash=0, Collisions=0/0=0%
#  commands to execute (from `Makefile', line 89):
	$(CC) $(CFLAGS) $(OBJECTS) $(RDIR)/rmprofiler/rmprofiler.o -o $(CHIP)/$@ $(LDFLAGS)
	

# Not a target:
/Users/pjenney/Documents/GitHub/aerolock/NTRUEncrypt/src/ntru_crypto_sha1.o:
#  Implicit rule search has not been done.
#  Modification time never checked.
#  File has not been updated.

.c.o:
#  Implicit rule search has not been done.
#  Modification time never checked.
#  File has not been updated.
#  commands to execute (from `Makefile', line 79):
	$(CC) $(CFLAGS) $< -c -o $@
	

# Not a target:
/Users/pjenney/Documents/GitHub/aerolock/common/aerolock.h:
#  Implicit rule search has not been done.
#  Modification time never checked.
#  File has not been updated.

# Not a target:
/Users/pjenney/Documents/GitHub/aerolock/NTRUEncrypt/src/ntru_crypto_sha256.o:
#  Implicit rule search has not been done.
#  Modification time never checked.
#  File has not been updated.

# Not a target:
/Users/pjenney/Documents/GitHub/aerolock/rmverify/rmverify.o:
#  Implicit rule search has not been done.
#  Modification time never checked.
#  File has not been updated.

# Not a target:
 
/Users/pjenney/Documents/GitHub/aerolock/common/mlocatecache.o:
#  Implicit rule search has not been done.
#  Modification time never checked.
#  File has not been updated.

rmverify: /Users/pjenney/Documents/GitHub/aerolock/rmverify/rmverify.o /Users/pjenney/Documents/GitHub/aerolock/NTRUEncrypt/src/ntru_crypto_hash.o /Users/pjenney/Documents/GitHub/aerolock/NTRUEncrypt/src/ntru_crypto_hmac.o /Users/pjenney/Documents/GitHub/aerolock/NTRUEncrypt/src/ntru_crypto_msbyte_uint32.o /Users/pjenney/Documents/GitHub/aerolock/NTRUEncrypt/src/ntru_crypto_sha1.o /Users/pjenney/Documents/GitHub/aerolock/NTRUEncrypt/src/ntru_crypto_sha2.o /Users/pjenney/Documents/GitHub/aerolock/NTRUEncrypt/src/ntru_crypto_sha256.o /Users/pjenney/Documents/GitHub/aerolock/common/signature.o /Users/pjenney/Documents/GitHub/aerolock/common/utilities.o /Users/pjenney/Documents/GitHub/aerolock/common/list.o /Users/pjenney/Documents/GitHub/aerolock/common/db.o /Users/pjenney/Documents/GitHub/aerolock/common/rbtree.o /Users/pjenney/Documents/GitHub/aerolock/common/parse.o /Users/pjenney/Documents/GitHub/aerolock/common/aerolock.h
#  Implicit rule search has not been done.
#  Modification time never checked.
#  File has not been updated.
#  commands to execute (from `Makefile', line 98):
	$(CC) $(CFLAGS) $(OBJECTS) $(RDIR)/rmverify/rmverify.o -o $(CHIP)/$@ $(LDFLAGS)
	

release:
#  Implicit rule search has not been done.
#  Modification time never checked.
#  File has not been updated.
#  commands to execute (from `Makefile', line 126):
	cp $(CHIP)/aerolockd         $(IDIR)/aerolockd
	cp $(CHIP)/rmprofiler        $(IDIR)/rmprofiler
	cp $(CHIP)/rmhmac            $(IDIR)/rmhmac
	cp $(CHIP)/rmsetup           $(IDIR)/rmsetup
	cp $(CHIP)/rmverify          $(IDIR)/rmverify
	cp $(CHIP)/rmdepends         $(IDIR)/rmdepends
	cp $(DDIR)/aerolock.ko       $(IDIR)/aerolock.ko
	cp $(DDIR)/aerolock_mkdrv.sh $(IDIR)/aerolock_mkdrv.sh
	rm -f $(IDIR)/aerolock.conf	
	echo \#start on net-device-up IFACE=eth0 >> $(IDIR)/aerolock.conf
	echo stop on [!2345] >> $(IDIR)/aerolock.conf
	echo respawn >> $(IDIR)/aerolock.conf
	echo expect fork >> $(IDIR)/aerolock.conf
	echo exec /usr/local/bin/aerolockd --driver --test --threads 4  --delay 0 >> $(IDIR)/aerolock.conf
	cp $(RDIR)/scripts/aerolock  $(IDIR)/aerolock
	chmod +x $(IDIR)/aerolock
	cd $(IDIR)
	sudo $(IDIR)/rmhmac --replace $(IDIR)/aerolockd
	cd ..
	

# Not a target:
.DEFAULT:
#  Implicit rule search has not been done.
#  Modification time never checked.
#  File has not been updated.

# Not a target:
/Users/pjenney/Documents/GitHub/aerolock/common/utilities.o:
#  Implicit rule search has not been done.
#  Modification time never checked.
#  File has not been updated.

# Not a target:
/Users/pjenney/Documents/GitHub/aerolock/NTRUEncrypt/src/ntru_crypto_sha2.o:
#  Implicit rule search has not been done.
#  Modification time never checked.
#  File has not been updated.

# Not a target:
/Users/pjenney/Documents/GitHub/aerolock/NTRUEncrypt/src/ntru_crypto_msbyte_uint32.o:
#  Implicit rule search has not been done.
#  Modification time never checked.
#  File has not been updated.

clean:
#  Implicit rule search has not been done.
#  Modification time never checked.
#  File has not been updated.
#  commands to execute (from `Makefile', line 114):
	find . -type f -name \*.o -exec rm -f '{}' \;
	find . -type f -name *~core -exec rm -f '{}' \;
	rm -f $(RDIR)/install/*
	rm -f $(RDIR)/x86/*
	rm -f $(RDIR)/arm/*
	

# Not a target:
/Users/pjenney/Documents/GitHub/aerolock/common/db.o:
#  Implicit rule search has not been done.
#  Modification time never checked.
#  File has not been updated.

# Not a target:
/Users/pjenney/Documents/GitHub/aerolock/common/libcache.o:
#  Implicit rule search has not been done.
#  Modification time never checked.
#  File has not been updated.

# Not a target:
/Users/pjenney/Documents/GitHub/aerolock/common/parse.o:
#  Implicit rule search has not been done.
#  Modification time never checked.
#  File has not been updated.

# Not a target:
/Users/pjenney/Documents/GitHub/aerolock/rmenforcer/rmenforcer.o:
#  Implicit rule search has not been done.
#  Modification time never checked.
#  File has not been updated.

deploy:
#  Implicit rule search has not been done.
#  Modification time never checked.
#  File has not been updated.
#  commands to execute (from `Makefile', line 159):
	sudo cp $(IDIR)/rm* /usr/local/bin
	sudo cp $(IDIR)/aerolockd  /usr/local/bin
	sudo cp $(IDIR)/aerolock   /etc/init.d
	sudo insmod $(IDIR)/aerolock.ko
	sudo $(IDIR)/aerolock_mkdrv.sh
	sudo update-rc.d aerolock defaults 58
	

rmsetup: /Users/pjenney/Documents/GitHub/aerolock/rmsetup/rmsetup.o /Users/pjenney/Documents/GitHub/aerolock/NTRUEncrypt/src/ntru_crypto_hash.o /Users/pjenney/Documents/GitHub/aerolock/NTRUEncrypt/src/ntru_crypto_hmac.o /Users/pjenney/Documents/GitHub/aerolock/NTRUEncrypt/src/ntru_crypto_msbyte_uint32.o /Users/pjenney/Documents/GitHub/aerolock/NTRUEncrypt/src/ntru_crypto_sha1.o /Users/pjenney/Documents/GitHub/aerolock/NTRUEncrypt/src/ntru_crypto_sha2.o /Users/pjenney/Documents/GitHub/aerolock/NTRUEncrypt/src/ntru_crypto_sha256.o /Users/pjenney/Documents/GitHub/aerolock/common/signature.o /Users/pjenney/Documents/GitHub/aerolock/common/utilities.o /Users/pjenney/Documents/GitHub/aerolock/common/list.o /Users/pjenney/Documents/GitHub/aerolock/common/db.o /Users/pjenney/Documents/GitHub/aerolock/common/rbtree.o /Users/pjenney/Documents/GitHub/aerolock/common/parse.o /Users/pjenney/Documents/GitHub/aerolock/common/aerolock.h
#  Implicit rule search has not been done.
#  Modification time never checked.
#  File has not been updated.
#  commands to execute (from `Makefile', line 86):
	$(CC) $(CFLAGS) $(OBJECTS) $(RDIR)/rmsetup/rmsetup.o -o $(CHIP)/$@ $(LDFLAGS)
	

test_parser: /Users/pjenney/Documents/GitHub/aerolock/common/parse.o /Users/pjenney/Documents/GitHub/aerolock/NTRUEncrypt/src/ntru_crypto_hash.o /Users/pjenney/Documents/GitHub/aerolock/NTRUEncrypt/src/ntru_crypto_hmac.o /Users/pjenney/Documents/GitHub/aerolock/NTRUEncrypt/src/ntru_crypto_msbyte_uint32.o /Users/pjenney/Documents/GitHub/aerolock/NTRUEncrypt/src/ntru_crypto_sha1.o /Users/pjenney/Documents/GitHub/aerolock/NTRUEncrypt/src/ntru_crypto_sha2.o /Users/pjenney/Documents/GitHub/aerolock/NTRUEncrypt/src/ntru_crypto_sha256.o /Users/pjenney/Documents/GitHub/aerolock/common/signature.o /Users/pjenney/Documents/GitHub/aerolock/common/utilities.o /Users/pjenney/Documents/GitHub/aerolock/common/list.o /Users/pjenney/Documents/GitHub/aerolock/common/db.o /Users/pjenney/Documents/GitHub/aerolock/common/rbtree.o /Users/pjenney/Documents/GitHub/aerolock/common/parse.o /Users/pjenney/Documents/GitHub/aerolock/common/aerolock.h
#  Implicit rule search has not been done.
#  Modification time never checked.
#  File has not been updated.
#  commands to execute (from `Makefile', line 83):
	$(CC) $(CFLAGS) -D__TEST_PARSER__ $(OBJECTS2) -o $(CHIP)/$@ $(LDFLAGS)
	

# Not a target:
/Users/pjenney/Documents/GitHub/aerolock/common/rbtree.o:
#  Implicit rule search has not been done.
#  Modification time never checked.
#  File has not been updated.

# Not a target:
/Users/pjenney/Documents/GitHub/aerolock/common/signature.o:
#  Implicit rule search has not been done.
#  Modification time never checked.
#  File has not been updated.

# files hash-table stats:
# Load=43/1024=4%, Rehash=0, Collisions=0/168=0%
# VPATH Search Paths

# No `vpath' search paths.

# No general (`VPATH' variable) search path.

# # of strings in strcache: 1
# # of strcache buffers: 1
# strcache size: total = 4096 / max = 4096 / min = 4096 / avg = 4096
# strcache free: total = 4087 / max = 4087 / min = 4087 / avg = 4087

# Finished Make data base on Mon Jun 27 08:42:09 2022

 
